Already on 'master'
M	gitscript/git-daily-backup.sh
Switched to a new branch 'abackup-2025-04-10'
[abackup-2025-04-10 0294fe8] Daily backup on 2025-04-10
 3 files changed, 27 insertions(+), 7 deletions(-)
 create mode 100755 gitscript/a.sh
 create mode 100644 gitscript/log/git-backup.log
remote: 
remote: Create a pull request for 'abackup-2025-04-10' on GitHub by visiting:        
remote:      https://github.com/PPJINHONG/aws_CFN_solomon/pull/new/abackup-2025-04-10        
remote: 
To github.com:PPJINHONG/aws_CFN_solomon.git
 * [new branch]      abackup-2025-04-10 -> abackup-2025-04-10
error: Your local changes to the following files would be overwritten by checkout:
	gitscript/log/git-backup.log
Please commit your changes or stash them before you switch branches.
Aborting
Already up to date.
Everything up-to-date
[✔] Backup abackup-2025-04-10 created, merged to master, and pushed at Thu Apr 10 06:39:05 UTC 2025
